mode: set
github.com/dkucheru/Calendar/service/service.go:14.40,21.2 3 0
github.com/dkucheru/Calendar/service/sort.go:9.42,9.59 1 1
github.com/dkucheru/Calendar/service/sort.go:10.42,10.90 1 0
github.com/dkucheru/Calendar/service/sort.go:11.42,11.69 1 0
github.com/dkucheru/Calendar/service/events.go:16.66,21.2 2 1
github.com/dkucheru/Calendar/service/events.go:23.82,25.15 2 1
github.com/dkucheru/Calendar/service/events.go:29.2,32.22 3 1
github.com/dkucheru/Calendar/service/events.go:25.15,27.3 1 1
github.com/dkucheru/Calendar/service/events.go:35.50,36.37 1 1
github.com/dkucheru/Calendar/service/events.go:42.2,42.54 1 1
github.com/dkucheru/Calendar/service/events.go:36.37,37.21 1 1
github.com/dkucheru/Calendar/service/events.go:37.21,40.4 2 1
github.com/dkucheru/Calendar/service/events.go:45.105,47.15 2 1
github.com/dkucheru/Calendar/service/events.go:51.2,51.37 1 1
github.com/dkucheru/Calendar/service/events.go:61.2,61.49 1 1
github.com/dkucheru/Calendar/service/events.go:47.15,49.3 1 1
github.com/dkucheru/Calendar/service/events.go:51.37,52.21 1 1
github.com/dkucheru/Calendar/service/events.go:52.21,59.4 6 1
github.com/dkucheru/Calendar/service/events.go:64.91,67.58 2 1
github.com/dkucheru/Calendar/service/events.go:70.2,70.37 1 1
github.com/dkucheru/Calendar/service/events.go:84.2,84.15 1 1
github.com/dkucheru/Calendar/service/events.go:88.2,88.20 1 1
github.com/dkucheru/Calendar/service/events.go:67.58,69.3 1 1
github.com/dkucheru/Calendar/service/events.go:70.37,79.51 2 1
github.com/dkucheru/Calendar/service/events.go:79.51,81.4 1 1
github.com/dkucheru/Calendar/service/events.go:84.15,86.3 1 1
github.com/dkucheru/Calendar/service/events.go:91.78,94.2 2 1
github.com/dkucheru/Calendar/service/events.go:96.42,99.2 2 1
github.com/dkucheru/Calendar/service/events.go:101.73,102.25 1 1
github.com/dkucheru/Calendar/service/events.go:105.2,105.37 1 1
github.com/dkucheru/Calendar/service/events.go:108.2,108.35 1 1
github.com/dkucheru/Calendar/service/events.go:111.2,111.49 1 1
github.com/dkucheru/Calendar/service/events.go:114.2,114.18 1 1
github.com/dkucheru/Calendar/service/events.go:102.25,104.3 1 1
github.com/dkucheru/Calendar/service/events.go:105.37,107.3 1 1
github.com/dkucheru/Calendar/service/events.go:108.35,110.3 1 1
github.com/dkucheru/Calendar/service/events.go:111.49,113.3 1 1
