mode: set
github.com/dkucheru/Calendar/service/events.go:17.63,22.2 2 1
github.com/dkucheru/Calendar/service/events.go:24.82,26.15 2 1
github.com/dkucheru/Calendar/service/events.go:30.2,34.22 3 1
github.com/dkucheru/Calendar/service/events.go:26.15,28.3 1 1
github.com/dkucheru/Calendar/service/events.go:37.50,38.45 1 1
github.com/dkucheru/Calendar/service/events.go:45.2,45.54 1 1
github.com/dkucheru/Calendar/service/events.go:38.45,39.21 1 1
github.com/dkucheru/Calendar/service/events.go:39.21,43.4 2 1
github.com/dkucheru/Calendar/service/events.go:48.105,50.15 2 1
github.com/dkucheru/Calendar/service/events.go:54.2,54.45 1 1
github.com/dkucheru/Calendar/service/events.go:64.2,64.49 1 1
github.com/dkucheru/Calendar/service/events.go:50.15,52.3 1 1
github.com/dkucheru/Calendar/service/events.go:54.45,55.21 1 1
github.com/dkucheru/Calendar/service/events.go:55.21,62.4 6 1
github.com/dkucheru/Calendar/service/events.go:67.91,70.58 2 1
github.com/dkucheru/Calendar/service/events.go:73.2,73.45 1 1
github.com/dkucheru/Calendar/service/events.go:87.2,87.15 1 1
github.com/dkucheru/Calendar/service/events.go:91.2,91.20 1 1
github.com/dkucheru/Calendar/service/events.go:70.58,72.3 1 1
github.com/dkucheru/Calendar/service/events.go:73.45,82.51 2 1
github.com/dkucheru/Calendar/service/events.go:82.51,84.4 1 1
github.com/dkucheru/Calendar/service/events.go:87.15,89.3 1 1
github.com/dkucheru/Calendar/service/events.go:94.78,97.2 2 1
github.com/dkucheru/Calendar/service/events.go:99.42,102.2 2 1
github.com/dkucheru/Calendar/service/events.go:104.73,105.25 1 1
github.com/dkucheru/Calendar/service/events.go:108.2,108.37 1 1
github.com/dkucheru/Calendar/service/events.go:111.2,111.35 1 1
github.com/dkucheru/Calendar/service/events.go:114.2,114.49 1 1
github.com/dkucheru/Calendar/service/events.go:117.2,117.18 1 1
github.com/dkucheru/Calendar/service/events.go:105.25,107.3 1 1
github.com/dkucheru/Calendar/service/events.go:108.37,110.3 1 1
github.com/dkucheru/Calendar/service/events.go:111.35,113.3 1 1
github.com/dkucheru/Calendar/service/events.go:114.49,116.3 1 1
github.com/dkucheru/Calendar/service/service.go:18.40,25.2 3 0
github.com/dkucheru/Calendar/service/sort.go:9.42,9.59 1 1
github.com/dkucheru/Calendar/service/sort.go:10.42,10.90 1 0
github.com/dkucheru/Calendar/service/sort.go:11.42,11.69 1 0
